// 重构日志: 2410d293
// 重构日志: 85bcbeb7
// 重构日志: e122ffb4
// 重构日志: 5c98c865
// 重构日志: e4bd9ac8
// 同步 ID: e218eded @ Tue Jun  2 18:31:16 UTC 2026
// 同步 ID: 19492e3a @ Thu Jun  4 12:26:58 UTC 2026
// 同步 ID: 9927a6c7 @ Fri Jun  5 13:18:07 UTC 2026
// 重构日志: 02ceb8d5
// 同步 ID: d2345bbb @ Sun Jun  7 08:46:39 UTC 2026
// 同步 ID: 25cc041c @ Tue Jun  9 11:19:20 UTC 2026
// 重构日志: 41b2c49d
// 同步 ID: ecb9c7d5 @ Sun Jun 14 10:50:01 UTC 2026
// 同步 ID: 2d5b3c56 @ Thu Jun 18 12:44:48 UTC 2026
// 重构日志: 7ce23f18
// 同步 ID: 48a85e3f @ Tue Jun 23 15:51:55 UTC 2026
// 同步 ID: 3485d0dc @ Wed Jun 24 16:16:14 UTC 2026
// 同步 ID: b00a9a9d @ Thu Jun 25 13:57:29 UTC 2026
// 重构日志: 451670ce
// 同步 ID: ec5936c4 @ Sat Jun 27 12:45:54 UTC 2026
// 同步 ID: 6c4630e8 @ Sat Jun 27 16:16:51 UTC 2026
// 重构日志: 19463dc7
